
Circuit 1 cell sky130_fd_pr__nfet_01v8 and Circuit 2 cell sky130_fd_pr__nfet_01v8 are black boxes.
Warning: Equate pins:  cell sky130_fd_pr__nfet_01v8 is a placeholder, treated as a black box.
Warning: Equate pins:  cell sky130_fd_pr__nfet_01v8 is a placeholder, treated as a black box.

Subcircuit pins:
Circuit 1: sky130_fd_pr__nfet_01v8         |Circuit 2: sky130_fd_pr__nfet_01v8         
-------------------------------------------|-------------------------------------------
1                                          |1                                          
2                                          |2                                          
3                                          |3                                          
4                                          |4                                          
---------------------------------------------------------------------------------------
Cell pin lists are equivalent.
Device classes sky130_fd_pr__nfet_01v8 and sky130_fd_pr__nfet_01v8 are equivalent.

Circuit 1 cell sky130_fd_pr__pfet_01v8 and Circuit 2 cell sky130_fd_pr__pfet_01v8 are black boxes.
Warning: Equate pins:  cell sky130_fd_pr__pfet_01v8 is a placeholder, treated as a black box.
Warning: Equate pins:  cell sky130_fd_pr__pfet_01v8 is a placeholder, treated as a black box.

Subcircuit pins:
Circuit 1: sky130_fd_pr__pfet_01v8         |Circuit 2: sky130_fd_pr__pfet_01v8         
-------------------------------------------|-------------------------------------------
1                                          |1                                          
2                                          |2                                          
3                                          |3                                          
4                                          |4                                          
---------------------------------------------------------------------------------------
Cell pin lists are equivalent.
Device classes sky130_fd_pr__pfet_01v8 and sky130_fd_pr__pfet_01v8 are equivalent.
Flattening unmatched subcell sky130_fd_pr__nfet_01v8_6H9P4D in circuit nmosgn (0)(4 instances)
Flattening unmatched subcell sky130_fd_pr__nfet_01v8_DXNGNZ in circuit nmosgn (0)(2 instances)

Class nmosgn (0):  Merged 8 parallel devices.
Subcircuit summary:
Circuit 1: nmosgn                          |Circuit 2: nmosgn                          
-------------------------------------------|-------------------------------------------
sky130_fd_pr__nfet_01v8 (12->4)            |sky130_fd_pr__nfet_01v8 (12->4)            
Number of devices: 4                       |Number of devices: 4                       
Number of nets: 3                          |Number of nets: 3                          
---------------------------------------------------------------------------------------
Netlists match uniquely.

Subcircuit pins:
Circuit 1: nmosgn                          |Circuit 2: nmosgn                          
-------------------------------------------|-------------------------------------------
D6                                         |D6                                         
GND                                        |GND                                        
OUT                                        |OUT                                        
---------------------------------------------------------------------------------------
Cell pin lists are equivalent.
Device classes nmosgn and nmosgn are equivalent.
Flattening unmatched subcell sky130_fd_pr__pfet_01v8_2ZH9AN in circuit pmoscs (0)(8 instances)
Flattening unmatched subcell sky130_fd_pr__pfet_01v8_SDE6B7 in circuit pmoscs (0)(4 instances)

Class pmoscs (0):  Merged 9 parallel devices.
Class pmoscs (1):  Merged 1 parallel devices.
Subcircuit summary:
Circuit 1: pmoscs                          |Circuit 2: pmoscs                          
-------------------------------------------|-------------------------------------------
sky130_fd_pr__pfet_01v8 (16->7)            |sky130_fd_pr__pfet_01v8 (16->7)            
Number of devices: 7                       |Number of devices: 7                       
Number of nets: 4                          |Number of nets: 4                          
---------------------------------------------------------------------------------------
Resolving symmetries by property value.
Resolving symmetries by pin name.
Netlists match uniquely.

Subcircuit pins:
Circuit 1: pmoscs                          |Circuit 2: pmoscs                          
-------------------------------------------|-------------------------------------------
D1                                         |D1                                         
D5                                         |D5                                         
VDD                                        |VDD                                        
D2                                         |D2                                         
---------------------------------------------------------------------------------------
Cell pin lists are equivalent.
Device classes pmoscs and pmoscs are equivalent.
Flattening unmatched subcell sky130_fd_pr__pfet_01v8_VGK97L in circuit pmosgn (0)(8 instances)
Flattening unmatched subcell sky130_fd_pr__pfet_01v8_2XUZHN in circuit pmosgn (0)(4 instances)

Class pmosgn (0):  Merged 8 parallel devices.
Subcircuit summary:
Circuit 1: pmosgn                          |Circuit 2: pmosgn                          
-------------------------------------------|-------------------------------------------
sky130_fd_pr__pfet_01v8 (12->4)            |sky130_fd_pr__pfet_01v8 (12->4)            
Number of devices: 4                       |Number of devices: 4                       
Number of nets: 6                          |Number of nets: 6                          
---------------------------------------------------------------------------------------
Resolving symmetries by property value.
Resolving symmetries by pin name.
Netlists match uniquely.

Subcircuit pins:
Circuit 1: pmosgn                          |Circuit 2: pmosgn                          
-------------------------------------------|-------------------------------------------
D5                                         |D5                                         
VDD                                        |VDD                                        
OUT                                        |OUT                                        
D6                                         |D6                                         
VIP                                        |VIP                                        
VIN                                        |VIN                                        
---------------------------------------------------------------------------------------
Cell pin lists are equivalent.
Device classes pmosgn and pmosgn are equivalent.
Flattening unmatched subcell sky130_fd_pr__nfet_01v8_46AAJJ in circuit nmoscs (0)(4 instances)
Flattening unmatched subcell sky130_fd_pr__nfet_01v8_TC9PLT in circuit nmoscs (0)(4 instances)

Class nmoscs (0):  Merged 4 parallel devices.
Subcircuit summary:
Circuit 1: nmoscs                          |Circuit 2: nmoscs                          
-------------------------------------------|-------------------------------------------
sky130_fd_pr__nfet_01v8 (8->4)             |sky130_fd_pr__nfet_01v8 (8->4)             
Number of devices: 4                       |Number of devices: 4                       
Number of nets: 4                          |Number of nets: 4                          
---------------------------------------------------------------------------------------
Netlists match uniquely.

Subcircuit pins:
Circuit 1: nmoscs                          |Circuit 2: nmoscs                          
-------------------------------------------|-------------------------------------------
RS                                         |RS                                         
D2                                         |D2                                         
GND                                        |GND                                        
D1                                         |D1                                         
---------------------------------------------------------------------------------------
Cell pin lists are equivalent.
Device classes nmoscs and nmoscs are equivalent.

Subcircuit summary:
Circuit 1: opamp                           |Circuit 2: opamp                           
-------------------------------------------|-------------------------------------------
nmosgn (1)                                 |nmosgn (1)                                 
pmoscs (1)                                 |pmoscs (1)                                 
pmosgn (1)                                 |pmosgn (1)                                 
nmoscs (1)                                 |nmoscs (1)                                 
Number of devices: 4                       |Number of devices: 4                       
Number of nets: 10                         |Number of nets: 10                         
---------------------------------------------------------------------------------------
Netlists match uniquely.

Subcircuit pins:
Circuit 1: opamp                           |Circuit 2: opamp                           
-------------------------------------------|-------------------------------------------
RS                                         |RS                                         
VIN                                        |VIN                                        
VIP                                        |VIP                                        
GND                                        |GND                                        
OUT                                        |OUT                                        
VDD                                        |VDD                                        
---------------------------------------------------------------------------------------
Cell pin lists are equivalent.
Device classes opamp and opamp are equivalent.

Final result: Circuits match uniquely.
.
